<?xml version="1.0" encoding="UTF-8"?>
<!-- Generated by org.testng.reporters.JUnitReportReporter -->
<testsuite ignored="0" hostname="Fatemas-MacBook-Pro.local" failures="0" tests="3" name="com.testrunner.amazonLoginTestRunner" time="20.126" errors="0" timestamp="03 Apr 2022 20:28:38 GMT" skipped="0">
  <testcase classname="com.testrunner.amazonLoginTestRunner" name="runScenario" time="6.815"/>
  <testcase classname="com.testrunner.amazonLoginTestRunner" name="runScenario" time="6.735"/>
  <testcase classname="com.testrunner.amazonLoginTestRunner" name="runScenario" time="6.576"/>
</testsuite> <!-- com.testrunner.amazonLoginTestRunner -->
